# JRE version: OpenJDK Runtime Environment Temurin-21.0.7+6 (21.0.7+6) (build 21.0.7+6-LTS)
# Java VM: OpenJDK 64-Bit Server VM Temurin-21.0.7+6 (21.0.7+6-LTS, mixed mode, sharing, tiered, compressed oops, compressed class ptrs, parallel gc, windows-amd64)
GC Precious Log:
 CardTable entry size: 512
 CPUs: 8 total, 8 available
 Memory: 8081M
 Large Page Support: Disabled
 NUMA Support: Disabled
 Compressed Oops: Enabled (32-bit)
 Alignments: Space 512K, Generation 512K, Heap 2M
 Heap Min Capacity: 100M
 Heap Initial Capacity: 100M
 Heap Max Capacity: 2G
 Pre-touch: Disabled
 Parallel Workers: 8
Heap:
 PSYoungGen      total 11264K, used 10832K [0x00000000d5580000, 0x00000000d6980000, 0x0000000100000000)
  eden space 5120K, 100% used [0x00000000d5580000,0x00000000d5a80000,0x00000000d5a80000)
  from space 6144K, 92% used [0x00000000d6380000,0x00000000d6914030,0x00000000d6980000)
  to   space 6656K, 70% used [0x00000000d5c80000,0x00000000d611ca50,0x00000000d6300000)
 ParOldGen       total 1385472K, used 1385229K [0x0000000080000000, 0x00000000d4900000, 0x00000000d5580000)
  object space 1385472K, 99% used [0x0000000080000000,0x00000000d48c3718,0x00000000d4900000)
 Metaspace       used 84308K, committed 86208K, reserved 1179648K
  class space    used 8516K, committed 9344K, reserved 1048576K
GC Heap History (20 events):
Event: 1076.588 GC heap before
{Heap before GC invocations=2409 (full 5):
 PSYoungGen      total 3072K, used 2832K [0x00000000d5580000, 0x00000000d5c00000, 0x0000000100000000)
  eden space 2560K, 100% used [0x00000000d5580000,0x00000000d5800000,0x00000000d5800000)
  from space 512K, 53% used [0x00000000d5b80000,0x00000000d5bc4010,0x00000000d5c00000)
  to   space 512K, 0% used [0x00000000d5b00000,0x00000000d5b00000,0x00000000d5b80000)
 ParOldGen       total 1304064K, used 1303631K [0x0000000080000000, 0x00000000cf980000, 0x00000000d5580000)
  object space 1304064K, 99% used [0x0000000080000000,0x00000000cf913cd8,0x00000000cf980000)
 Metaspace       used 84241K, committed 86144K, reserved 1179648K
  class space    used 8513K, committed 9344K, reserved 1048576K
}
Event: 1076.590 GC heap after
{Heap after GC invocations=2409 (full 5):
 PSYoungGen      total 3072K, used 490K [0x00000000d5580000, 0x00000000d5c00000, 0x0000000100000000)
  eden space 2560K, 0% used [0x00000000d5580000,0x00000000d5580000,0x00000000d5800000)
  from space 512K, 95% used [0x00000000d5b00000,0x00000000d5b7a910,0x00000000d5b80000)
  to   space 512K, 0% used [0x00000000d5b80000,0x00000000d5b80000,0x00000000d5c00000)
 ParOldGen       total 1304064K, used 1303719K [0x0000000080000000, 0x00000000cf980000, 0x00000000d5580000)
  object space 1304064K, 99% used [0x0000000080000000,0x00000000cf929ce8,0x00000000cf980000)
 Metaspace       used 84241K, committed 86144K, reserved 1179648K
  class space    used 8513K, committed 9344K, reserved 1048576K
}
Event: 1076.627 GC heap before
{Heap before GC invocations=2410 (full 5):
 PSYoungGen      total 3072K, used 2588K [0x00000000d5580000, 0x00000000d5c00000, 0x0000000100000000)
  eden space 2560K, 81% used [0x00000000d5580000,0x00000000d578c820,0x00000000d5800000)
  from space 512K, 95% used [0x00000000d5b00000,0x00000000d5b7a910,0x00000000d5b80000)
  to   space 512K, 0% used [0x00000000d5b80000,0x00000000d5b80000,0x00000000d5c00000)
 ParOldGen       total 1304064K, used 1303719K [0x0000000080000000, 0x00000000cf980000, 0x00000000d5580000)
  object space 1304064K, 99% used [0x0000000080000000,0x00000000cf929ce8,0x00000000cf980000)
 Metaspace       used 84284K, committed 86208K, reserved 1179648K
  class space    used 8513K, committed 9344K, reserved 1048576K
}
Event: 1076.629 GC heap after
{Heap after GC invocations=2410 (full 5):
 PSYoungGen      total 3072K, used 448K [0x00000000d5580000, 0x00000000d5c00000, 0x0000000100000000)
  eden space 2560K, 0% used [0x00000000d5580000,0x00000000d5580000,0x00000000d5800000)
  from space 512K, 87% used [0x00000000d5b80000,0x00000000d5bf0000,0x00000000d5c00000)
  to   space 512K, 0% used [0x00000000d5b00000,0x00000000d5b00000,0x00000000d5b80000)
 ParOldGen       total 1305088K, used 1304686K [0x0000000080000000, 0x00000000cfa80000, 0x00000000d5580000)
  object space 1305088K, 99% used [0x0000000080000000,0x00000000cfa1bac8,0x00000000cfa80000)
 Metaspace       used 84284K, committed 86208K, reserved 1179648K
  class space    used 8513K, committed 9344K, reserved 1048576K
}
Event: 1076.635 GC heap before
{Heap before GC invocations=2411 (full 5):
 PSYoungGen      total 3072K, used 3008K [0x00000000d5580000, 0x00000000d5c00000, 0x0000000100000000)
  eden space 2560K, 100% used [0x00000000d5580000,0x00000000d5800000,0x00000000d5800000)
  from space 512K, 87% used [0x00000000d5b80000,0x00000000d5bf0000,0x00000000d5c00000)
  to   space 512K, 0% used [0x00000000d5b00000,0x00000000d5b00000,0x00000000d5b80000)
 ParOldGen       total 1305088K, used 1304686K [0x0000000080000000, 0x00000000cfa80000, 0x00000000d5580000)
  object space 1305088K, 99% used [0x0000000080000000,0x00000000cfa1bac8,0x00000000cfa80000)
 Metaspace       used 84285K, committed 86208K, reserved 1179648K
  class space    used 8513K, committed 9344K, reserved 1048576K
}
Event: 1076.640 GC heap after
{Heap after GC invocations=2411 (full 5):
 PSYoungGen      total 3072K, used 512K [0x00000000d5580000, 0x00000000d5e00000, 0x0000000100000000)
  eden space 2560K, 0% used [0x00000000d5580000,0x00000000d5580000,0x00000000d5800000)
  from space 512K, 100% used [0x00000000d5b00000,0x00000000d5b80000,0x00000000d5b80000)
  to   space 2560K, 0% used [0x00000000d5b80000,0x00000000d5b80000,0x00000000d5e00000)
 ParOldGen       total 1306624K, used 1306598K [0x0000000080000000, 0x00000000cfc00000, 0x00000000d5580000)
  object space 1306624K, 99% used [0x0000000080000000,0x00000000cfbf9928,0x00000000cfc00000)
 Metaspace       used 84285K, committed 86208K, reserved 1179648K
  class space    used 8513K, committed 9344K, reserved 1048576K
}
Event: 1076.648 GC heap before
{Heap before GC invocations=2412 (full 5):
 PSYoungGen      total 3072K, used 3072K [0x00000000d5580000, 0x00000000d5e00000, 0x0000000100000000)
  eden space 2560K, 100% used [0x00000000d5580000,0x00000000d5800000,0x00000000d5800000)
  from space 512K, 100% used [0x00000000d5b00000,0x00000000d5b80000,0x00000000d5b80000)
  to   space 2560K, 0% used [0x00000000d5b80000,0x00000000d5b80000,0x00000000d5e00000)
 ParOldGen       total 1306624K, used 1306598K [0x0000000080000000, 0x00000000cfc00000, 0x00000000d5580000)
  object space 1306624K, 99% used [0x0000000080000000,0x00000000cfbf9928,0x00000000cfc00000)
 Metaspace       used 84285K, committed 86208K, reserved 1179648K
  class space    used 8513K, committed 9344K, reserved 1048576K
}
Event: 1076.650 GC heap after
{Heap after GC invocations=2412 (full 5):
 PSYoungGen      total 5120K, used 2368K [0x00000000d5580000, 0x00000000d5e00000, 0x0000000100000000)
  eden space 2560K, 0% used [0x00000000d5580000,0x00000000d5580000,0x00000000d5800000)
  from space 2560K, 92% used [0x00000000d5b80000,0x00000000d5dd0000,0x00000000d5e00000)
  to   space 2560K, 0% used [0x00000000d5900000,0x00000000d5900000,0x00000000d5b80000)
 ParOldGen       total 1307648K, used 1307158K [0x0000000080000000, 0x00000000cfd00000, 0x00000000d5580000)
  object space 1307648K, 99% used [0x0000000080000000,0x00000000cfc85928,0x00000000cfd00000)
 Metaspace       used 84285K, committed 86208K, reserved 1179648K
  class space    used 8513K, committed 9344K, reserved 1048576K
}
Event: 1076.667 GC heap before
{Heap before GC invocations=2413 (full 5):
 PSYoungGen      total 5120K, used 4928K [0x00000000d5580000, 0x00000000d5e00000, 0x0000000100000000)
  eden space 2560K, 100% used [0x00000000d5580000,0x00000000d5800000,0x00000000d5800000)
  from space 2560K, 92% used [0x00000000d5b80000,0x00000000d5dd0000,0x00000000d5e00000)
  to   space 2560K, 0% used [0x00000000d5900000,0x00000000d5900000,0x00000000d5b80000)
 ParOldGen       total 1307648K, used 1307158K [0x0000000080000000, 0x00000000cfd00000, 0x00000000d5580000)
  object space 1307648K, 99% used [0x0000000080000000,0x00000000cfc85928,0x00000000cfd00000)
 Metaspace       used 84285K, committed 86208K, reserved 1179648K
  class space    used 8513K, committed 9344K, reserved 1048576K
}
Event: 1076.675 GC heap after
{Heap after GC invocations=2413 (full 5):
 PSYoungGen      total 5632K, used 2560K [0x00000000d5580000, 0x00000000d6380000, 0x0000000100000000)
  eden space 3072K, 0% used [0x00000000d5580000,0x00000000d5580000,0x00000000d5880000)
  from space 2560K, 100% used [0x00000000d5900000,0x00000000d5b80000,0x00000000d5b80000)
  to   space 5632K, 0% used [0x00000000d5e00000,0x00000000d5e00000,0x00000000d6380000)
 ParOldGen       total 1309696K, used 1309406K [0x0000000080000000, 0x00000000cff00000, 0x00000000d5580000)
  object space 1309696K, 99% used [0x0000000080000000,0x00000000cfeb7928,0x00000000cff00000)
 Metaspace       used 84285K, committed 86208K, reserved 1179648K
  class space    used 8513K, committed 9344K, reserved 1048576K
}
Event: 1076.692 GC heap before
{Heap before GC invocations=2414 (full 5):
 PSYoungGen      total 5632K, used 5632K [0x00000000d5580000, 0x00000000d6380000, 0x0000000100000000)
  eden space 3072K, 100% used [0x00000000d5580000,0x00000000d5880000,0x00000000d5880000)
  from space 2560K, 100% used [0x00000000d5900000,0x00000000d5b80000,0x00000000d5b80000)
  to   space 5632K, 0% used [0x00000000d5e00000,0x00000000d5e00000,0x00000000d6380000)
 ParOldGen       total 1309696K, used 1309406K [0x0000000080000000, 0x00000000cff00000, 0x00000000d5580000)
  object space 1309696K, 99% used [0x0000000080000000,0x00000000cfeb7928,0x00000000cff00000)
 Metaspace       used 84287K, committed 86208K, reserved 1179648K
  class space    used 8513K, committed 9344K, reserved 1048576K
}
Event: 1076.700 GC heap after
{Heap after GC invocations=2414 (full 5):
 PSYoungGen      total 7680K, used 2912K [0x00000000d5580000, 0x00000000d6180000, 0x0000000100000000)
  eden space 4096K, 0% used [0x00000000d5580000,0x00000000d5580000,0x00000000d5980000)
  from space 3584K, 81% used [0x00000000d5e00000,0x00000000d60d8000,0x00000000d6180000)
  to   space 4096K, 0% used [0x00000000d5980000,0x00000000d5980000,0x00000000d5d80000)
 ParOldGen       total 1312256K, used 1311958K [0x0000000080000000, 0x00000000d0180000, 0x00000000d5580000)
  object space 1312256K, 99% used [0x0000000080000000,0x00000000d0135928,0x00000000d0180000)
 Metaspace       used 84287K, committed 86208K, reserved 1179648K
  class space    used 8513K, committed 9344K, reserved 1048576K
}
Event: 1076.716 GC heap before
{Heap before GC invocations=2415 (full 5):
 PSYoungGen      total 7680K, used 7008K [0x00000000d5580000, 0x00000000d6180000, 0x0000000100000000)
  eden space 4096K, 100% used [0x00000000d5580000,0x00000000d5980000,0x00000000d5980000)
  from space 3584K, 81% used [0x00000000d5e00000,0x00000000d60d8000,0x00000000d6180000)
  to   space 4096K, 0% used [0x00000000d5980000,0x00000000d5980000,0x00000000d5d80000)
 ParOldGen       total 1312256K, used 1311958K [0x0000000080000000, 0x00000000d0180000, 0x00000000d5580000)
  object space 1312256K, 99% used [0x0000000080000000,0x00000000d0135928,0x00000000d0180000)
 Metaspace       used 84298K, committed 86208K, reserved 1179648K
  class space    used 8516K, committed 9344K, reserved 1048576K
}
Event: 1076.722 GC heap after
{Heap after GC invocations=2415 (full 5):
 PSYoungGen      total 8192K, used 3456K [0x00000000d5580000, 0x00000000d6180000, 0x0000000100000000)
  eden space 4096K, 0% used [0x00000000d5580000,0x00000000d5580000,0x00000000d5980000)
  from space 4096K, 84% used [0x00000000d5980000,0x00000000d5ce0000,0x00000000d5d80000)
  to   space 3584K, 0% used [0x00000000d5e00000,0x00000000d5e00000,0x00000000d6180000)
 ParOldGen       total 1314816K, used 1314782K [0x0000000080000000, 0x00000000d0400000, 0x00000000d5580000)
  object space 1314816K, 99% used [0x0000000080000000,0x00000000d03f7928,0x00000000d0400000)
 Metaspace       used 84298K, committed 86208K, reserved 1179648K
  class space    used 8516K, committed 9344K, reserved 1048576K
}
Event: 1076.745 GC heap before
{Heap before GC invocations=2416 (full 5):
 PSYoungGen      total 8192K, used 7552K [0x00000000d5580000, 0x00000000d6180000, 0x0000000100000000)
  eden space 4096K, 100% used [0x00000000d5580000,0x00000000d5980000,0x00000000d5980000)
  from space 4096K, 84% used [0x00000000d5980000,0x00000000d5ce0000,0x00000000d5d80000)
  to   space 3584K, 0% used [0x00000000d5e00000,0x00000000d5e00000,0x00000000d6180000)
 ParOldGen       total 1314816K, used 1314782K [0x0000000080000000, 0x00000000d0400000, 0x00000000d5580000)
  object space 1314816K, 99% used [0x0000000080000000,0x00000000d03f7928,0x00000000d0400000)
 Metaspace       used 84300K, committed 86208K, reserved 1179648K
  class space    used 8516K, committed 9344K, reserved 1048576K
}
Event: 1076.750 GC heap after
{Heap after GC invocations=2416 (full 5):
 PSYoungGen      total 8704K, used 2929K [0x00000000d5580000, 0x00000000d6180000, 0x0000000100000000)
  eden space 5120K, 0% used [0x00000000d5580000,0x00000000d5580000,0x00000000d5a80000)
  from space 3584K, 81% used [0x00000000d5e00000,0x00000000d60dc600,0x00000000d6180000)
  to   space 3584K, 0% used [0x00000000d5a80000,0x00000000d5a80000,0x00000000d5e00000)
 ParOldGen       total 1318400K, used 1318150K [0x0000000080000000, 0x00000000d0780000, 0x00000000d5580000)
  object space 1318400K, 99% used [0x0000000080000000,0x00000000d0741928,0x00000000d0780000)
 Metaspace       used 84300K, committed 86208K, reserved 1179648K
  class space    used 8516K, committed 9344K, reserved 1048576K
}
Event: 1076.773 GC heap before
{Heap before GC invocations=2417 (full 5):
 PSYoungGen      total 8704K, used 8049K [0x00000000d5580000, 0x00000000d6180000, 0x0000000100000000)
  eden space 5120K, 100% used [0x00000000d5580000,0x00000000d5a80000,0x00000000d5a80000)
  from space 3584K, 81% used [0x00000000d5e00000,0x00000000d60dc600,0x00000000d6180000)
  to   space 3584K, 0% used [0x00000000d5a80000,0x00000000d5a80000,0x00000000d5e00000)
 ParOldGen       total 1318400K, used 1318150K [0x0000000080000000, 0x00000000d0780000, 0x00000000d5580000)
  object space 1318400K, 99% used [0x0000000080000000,0x00000000d0741928,0x00000000d0780000)
 Metaspace       used 84300K, committed 86208K, reserved 1179648K
  class space    used 8516K, committed 9344K, reserved 1048576K
}
Event: 1076.778 GC heap after
{Heap after GC invocations=2417 (full 5):
 PSYoungGen      total 8704K, used 3583K [0x00000000d5580000, 0x00000000d6b80000, 0x0000000100000000)
  eden space 5120K, 0% used [0x00000000d5580000,0x00000000d5580000,0x00000000d5a80000)
  from space 3584K, 99% used [0x00000000d5a80000,0x00000000d5dffc78,0x00000000d5e00000)
  to   space 8192K, 0% used [0x00000000d6380000,0x00000000d6380000,0x00000000d6b80000)
 ParOldGen       total 1321984K, used 1321685K [0x0000000080000000, 0x00000000d0b00000, 0x00000000d5580000)
  object space 1321984K, 99% used [0x0000000080000000,0x00000000d0ab5668,0x00000000d0b00000)
 Metaspace       used 84300K, committed 86208K, reserved 1179648K
  class space    used 8516K, committed 9344K, reserved 1048576K
}
Event: 1076.844 GC heap before
{Heap before GC invocations=2418 (full 5):
 PSYoungGen      total 8704K, used 8703K [0x00000000d5580000, 0x00000000d6b80000, 0x0000000100000000)
  eden space 5120K, 100% used [0x00000000d5580000,0x00000000d5a80000,0x00000000d5a80000)
  from space 3584K, 99% used [0x00000000d5a80000,0x00000000d5dffc78,0x00000000d5e00000)
  to   space 8192K, 0% used [0x00000000d6380000,0x00000000d6380000,0x00000000d6b80000)
 ParOldGen       total 1353728K, used 1352405K [0x0000000080000000, 0x00000000d2a00000, 0x00000000d5580000)
  object space 1353728K, 99% used [0x0000000080000000,0x00000000d28b5698,0x00000000d2a00000)
 Metaspace       used 84307K, committed 86208K, reserved 1179648K
  class space    used 8516K, committed 9344K, reserved 1048576K
}
Event: 1076.850 GC heap after
{Heap after GC invocations=2418 (full 5):
 PSYoungGen      total 11264K, used 5712K [0x00000000d5580000, 0x00000000d6980000, 0x0000000100000000)
  eden space 5120K, 0% used [0x00000000d5580000,0x00000000d5580000,0x00000000d5a80000)
  from space 6144K, 92% used [0x00000000d6380000,0x00000000d6914030,0x00000000d6980000)
  to   space 6656K, 0% used [0x00000000d5c80000,0x00000000d5c80000,0x00000000d6300000)
 ParOldGen       total 1353728K, used 1352525K [0x0000000080000000, 0x00000000d2a00000, 0x00000000d5580000)
  object space 1353728K, 99% used [0x0000000080000000,0x00000000d28d3698,0x00000000d2a00000)
 Metaspace       used 84307K, committed 86208K, reserved 1179648K
  class space    used 8516K, committed 9344K, reserved 1048576K
}

